<?xml version="1.0" encoding="UTF-8"?>
<testng-results skipped="0" failed="1" total="1" passed="0">
  <reporter-output>
  </reporter-output>
  <suite name="Default suite" duration-ms="34824" started-at="2016-09-26T23:16:02Z" finished-at="2016-09-26T23:16:37Z">
    <groups>
    </groups>
    <test name="Default test" duration-ms="34824" started-at="2016-09-26T23:16:02Z" finished-at="2016-09-26T23:16:37Z">
      <class name="tests.RegisterTest">
        <test-method status="PASS" signature="beforeTest()[pri:0, instance:tests.RegisterTest@1794d431]" name="beforeTest" is-config="true" duration-ms="5" started-at="2016-09-26T17:16:02Z" finished-at="2016-09-26T17:16:02Z">
          <reporter-output>
          </reporter-output>
        </test-method> <!-- beforeTest -->
        <test-method status="PASS" signature="beforeClass()[pri:0, instance:tests.RegisterTest@1794d431]" name="beforeClass" is-config="true" duration-ms="0" started-at="2016-09-26T17:16:02Z" finished-at="2016-09-26T17:16:02Z">
          <reporter-output>
          </reporter-output>
        </test-method> <!-- beforeClass -->
        <test-method status="PASS" signature="setUp()[pri:0, instance:tests.RegisterTest@1794d431]" name="setUp" is-config="true" duration-ms="4211" started-at="2016-09-26T17:16:02Z" finished-at="2016-09-26T17:16:06Z">
          <reporter-output>
          </reporter-output>
        </test-method> <!-- setUp -->
        <test-method status="FAIL" signature="testRegisterPage()[pri:0, instance:tests.RegisterTest@1794d431]" name="testRegisterPage" duration-ms="30165" started-at="2016-09-26T17:16:06Z" finished-at="2016-09-26T17:16:37Z">
          <exception class="java.lang.AssertionError">
            <message>
              <![CDATA[Element not found.]]>
            </message>
            <full-stacktrace>
              <![CDATA[java.lang.AssertionError: Element not found.
	at org.junit.Assert.fail(Assert.java:88)
	at org.junit.Assert.assertTrue(Assert.java:41)
	at tests.RegisterTest.testRegisterPage(RegisterTest.java:58)
	at sun.reflect.NativeMethodAccessorImpl.invoke0(Native Method)
	at sun.reflect.NativeMethodAccessorImpl.invoke(Unknown Source)
	at sun.reflect.DelegatingMethodAccessorImpl.invoke(Unknown Source)
	at java.lang.reflect.Method.invoke(Unknown Source)
	at org.testng.internal.MethodInvocationHelper.invokeMethod(MethodInvocationHelper.java:100)
	at org.testng.internal.Invoker.invokeMethod(Invoker.java:646)
	at org.testng.internal.Invoker.invokeTestMethod(Invoker.java:811)
	at org.testng.internal.Invoker.invokeTestMethods(Invoker.java:1137)
	at org.testng.internal.TestMethodWorker.invokeTestMethods(TestMethodWorker.java:129)
	at org.testng.internal.TestMethodWorker.run(TestMethodWorker.java:112)
	at org.testng.TestRunner.privateRun(TestRunner.java:753)
	at org.testng.TestRunner.run(TestRunner.java:607)
	at org.testng.SuiteRunner.runTest(SuiteRunner.java:368)
	at org.testng.SuiteRunner.runSequentially(SuiteRunner.java:363)
	at org.testng.SuiteRunner.privateRun(SuiteRunner.java:321)
	at org.testng.SuiteRunner.run(SuiteRunner.java:270)
	at org.testng.SuiteRunnerWorker.runSuite(SuiteRunnerWorker.java:52)
	at org.testng.SuiteRunnerWorker.run(SuiteRunnerWorker.java:86)
	at org.testng.TestNG.runSuitesSequentially(TestNG.java:1284)
	at org.testng.TestNG.runSuitesLocally(TestNG.java:1209)
	at org.testng.TestNG.runSuites(TestNG.java:1124)
	at org.testng.TestNG.run(TestNG.java:1096)
	at org.testng.remote.AbstractRemoteTestNG.run(AbstractRemoteTestNG.java:126)
	at org.testng.remote.RemoteTestNG.initAndRun(RemoteTestNG.java:152)
	at org.testng.remote.RemoteTestNG.main(RemoteTestNG.java:57)
]]>
            </full-stacktrace>
          </exception> <!-- java.lang.AssertionError -->
          <reporter-output>
          </reporter-output>
        </test-method> <!-- testRegisterPage -->
        <test-method status="PASS" signature="afterMethod()[pri:0, instance:tests.RegisterTest@1794d431]" name="afterMethod" is-config="true" duration-ms="427" started-at="2016-09-26T17:16:37Z" finished-at="2016-09-26T17:16:37Z">
          <reporter-output>
          </reporter-output>
        </test-method> <!-- afterMethod -->
        <test-method status="PASS" signature="afterClass()[pri:0, instance:tests.RegisterTest@1794d431]" name="afterClass" is-config="true" duration-ms="0" started-at="2016-09-26T17:16:37Z" finished-at="2016-09-26T17:16:37Z">
          <reporter-output>
          </reporter-output>
        </test-method> <!-- afterClass -->
        <test-method status="PASS" signature="afterTest()[pri:0, instance:tests.RegisterTest@1794d431]" name="afterTest" is-config="true" duration-ms="0" started-at="2016-09-26T17:16:37Z" finished-at="2016-09-26T17:16:37Z">
          <reporter-output>
          </reporter-output>
        </test-method> <!-- afterTest -->
      </class> <!-- tests.RegisterTest -->
    </test> <!-- Default test -->
  </suite> <!-- Default suite -->
</testng-results>
